<?xml version="1.0" encoding="UTF-8" ?>
<testsuite tests="28" failures="0" name="steve.RunCukesTest" time="0.019" errors="0" skipped="0">
  <properties>
    <property name="java.runtime.name" value="Java(TM) SE Runtime Environment"/>
    <property name="java.vm.version" value="11.0.2+7-LTS"/>
    <property name="sun.boot.library.path" value="C:\Program Files\Java\jdk-11.0.2\bin"/>
    <property name="maven.multiModuleProjectDirectory" value="C:\Projects\collinsons"/>
    <property name="java.vm.vendor" value="Oracle Corporation"/>
    <property name="java.vendor.url" value="http://java.oracle.com/"/>
    <property name="guice.disable.misplaced.annotation.check" value="true"/>
    <property name="path.separator" value=";"/>
    <property name="java.vm.name" value="Java HotSpot(TM) 64-Bit Server VM"/>
    <property name="sun.os.patch.level" value=""/>
    <property name="user.script" value=""/>
    <property name="user.country" value="GB"/>
    <property name="sun.java.launcher" value="SUN_STANDARD"/>
    <property name="java.vm.specification.name" value="Java Virtual Machine Specification"/>
    <property name="user.dir" value="C:\Projects\collinsons"/>
    <property name="java.vm.compressedOopsMode" value="32-bit"/>
    <property name="java.runtime.version" value="11.0.2+7-LTS"/>
    <property name="java.awt.graphicsenv" value="sun.awt.Win32GraphicsEnvironment"/>
    <property name="os.arch" value="amd64"/>
    <property name="java.io.tmpdir" value="C:\Users\User\AppData\Local\Temp\"/>
    <property name="line.separator" value="
"/>
    <property name="java.vm.specification.vendor" value="Oracle Corporation"/>
    <property name="user.variant" value=""/>
    <property name="os.name" value="Windows 10"/>
    <property name="classworlds.conf" value="C:\apache-maven-3.6.0\bin\..\bin\m2.conf"/>
    <property name="sun.jnu.encoding" value="Cp1252"/>
    <property name="java.library.path" value="C:\Program Files\Java\jdk-11.0.2\bin;C:\WINDOWS\Sun\Java\bin;C:\WINDOWS\system32;C:\WINDOWS;C:\apache-maven-3.6.0\bin;C:\Program Files\Java\jdk-11.0.2;C:\Program Files (x86)\Intel\Intel(R) Management Engine Components\iCLS\;C:\Program Files\Intel\Intel(R) Management Engine Components\iCLS\;C:\WINDOWS\system32;C:\WINDOWS;C:\WINDOWS\System32\Wbem;C:\WINDOWS\System32\WindowsPowerShell\v1.0\;C:\WINDOWS\System32\OpenSSH\;C:\Program Files (x86)\Intel\Intel(R) Management Engine Components\DAL;C:\Program Files\Intel\Intel(R) Management Engine Components\DAL;C:\Program Files (x86)\Intel\Intel(R) Management Engine Components\IPT;C:\Program Files\Intel\Intel(R) Management Engine Components\IPT;C:\Program Files (x86)\Windows Live\Shared;C:\Program Files\Git\cmd;C:\Program Files\nodejs\;C:\Users\User\AppData\Local\Microsoft\WindowsApps;C:\Users\User\AppData\Local\JetBrains\IntelliJ IDEA 2018.3.3\bin;;C:\Program Files\JetBrains\IntelliJ IDEA Community Edition 2019.1\bin;;C:\Program Files\JetBrains\PyCharm Community Edition 2020.1.2\bin;;C:\Users\User\AppData\Roaming\npm;C:\Program Files\JetBrains\IntelliJ IDEA Community Edition 2019.1\jre64\bin;C:\Users\User\AppData\Local\Android\Sdk\platform-tools;;."/>
    <property name="maven.conf" value="C:\apache-maven-3.6.0\bin\../conf"/>
    <property name="jdk.debug" value="release"/>
    <property name="java.class.version" value="55.0"/>
    <property name="java.specification.name" value="Java Platform API Specification"/>
    <property name="sun.management.compiler" value="HotSpot 64-Bit Tiered Compilers"/>
    <property name="os.version" value="10.0"/>
    <property name="library.jansi.path" value="C:\apache-maven-3.6.0\bin\..\lib\jansi-native"/>
    <property name="user.home" value="C:\Users\User"/>
    <property name="user.timezone" value="Europe/London"/>
    <property name="java.awt.printerjob" value="sun.awt.windows.WPrinterJob"/>
    <property name="file.encoding" value="Cp1252"/>
    <property name="java.specification.version" value="11"/>
    <property name="user.name" value="User"/>
    <property name="java.class.path" value="C:\apache-maven-3.6.0\bin\..\boot\plexus-classworlds-2.5.2.jar"/>
    <property name="java.vm.specification.version" value="11"/>
    <property name="sun.arch.data.model" value="64"/>
    <property name="sun.java.command" value="org.codehaus.plexus.classworlds.launcher.Launcher clean install"/>
    <property name="java.home" value="C:\Program Files\Java\jdk-11.0.2"/>
    <property name="user.language" value="en"/>
    <property name="java.specification.vendor" value="Oracle Corporation"/>
    <property name="awt.toolkit" value="sun.awt.windows.WToolkit"/>
    <property name="java.vm.info" value="mixed mode"/>
    <property name="java.version" value="11.0.2"/>
    <property name="java.vendor" value="Oracle Corporation"/>
    <property name="sun.stderr.encoding" value="cp437"/>
    <property name="maven.home" value="C:\apache-maven-3.6.0\bin\.."/>
    <property name="file.separator" value="\"/>
    <property name="java.version.date" value="2018-10-16"/>
    <property name="java.vendor.url.bug" value="http://bugreport.java.com/bugreport/"/>
    <property name="sun.io.unicode.encoding" value="UnicodeLittle"/>
    <property name="sun.cpu.endian" value="little"/>
    <property name="java.vendor.version" value="18.9"/>
    <property name="sun.stdout.encoding" value="cp437"/>
    <property name="sun.desktop" value="windows"/>
    <property name="sun.cpu.isalist" value="amd64"/>
  </properties>
  <testcase classname="Scenario: 1. Verify City in Country" name="Given the city &quot;Frankfurt&quot; is in &quot;Germany&quot; is displayed in the console" time="0.004"/>
  <testcase classname="Scenario: 1. Verify City in Country" name="Scenario: 1. Verify City in Country" time="0.005"/>
  <testcase classname="Scenario: 2. Find extras at bike stations" name="And display in console what extras are in stations &quot;{path}&quot;" time="0"/>
  <testcase classname="Scenario: 2. Find extras at bike stations" name="Scenario: 2. Find extras at bike stations" time="0.007"/>
  <testcase classname="Scenario: 3. Find bike stations that a specific extra is available" name="And Find bike stations that the extra &quot;has_ebikes&quot; is available &quot;{path}&quot;" time="0"/>
  <testcase classname="Scenario: 3. Find bike stations that a specific extra is available" name="Scenario: 3. Find bike stations that a specific extra is available" time="0"/>
  <testcase classname="Scenario: 1.Enter exact price for drink so no refund" name="Given i want to buy a &quot;Soda&quot;" time="0"/>
  <testcase classname="Scenario: 1.Enter exact price for drink so no refund" name="And i enter the following coins" time="0"/>
  <testcase classname="Scenario: 1.Enter exact price for drink so no refund" name="Then i  receive a refund of 0" time="0"/>
  <testcase classname="Scenario: 1.Enter exact price for drink so no refund" name="Scenario: 1.Enter exact price for drink so no refund" time="0.001"/>
  <testcase classname="Scenario: 2.Enter more than the price for drink so refund" name="Given i want to buy a &quot;Coke&quot;" time="0"/>
  <testcase classname="Scenario: 2.Enter more than the price for drink so refund" name="And i enter the following coins" time="0"/>
  <testcase classname="Scenario: 2.Enter more than the price for drink so refund" name="And i want to buy a &quot;Pepsi&quot;" time="0"/>
  <testcase classname="Scenario: 2.Enter more than the price for drink so refund" name="And i enter the following coins" time="0"/>
  <testcase classname="Scenario: 2.Enter more than the price for drink so refund" name="Then i  receive a refund of 30" time="0"/>
  <testcase classname="Scenario: 2.Enter more than the price for drink so refund" name="Scenario: 2.Enter more than the price for drink so refund" time="0.001"/>
  <testcase classname="Scenario: 3.Enter more than the price for drink so refund" name="Given i want to buy a &quot;Cancel&quot;" time="0"/>
  <testcase classname="Scenario: 3.Enter more than the price for drink so refund" name="And i enter the following coins" time="0"/>
  <testcase classname="Scenario: 3.Enter more than the price for drink so refund" name="Then i  receive a refund of 45" time="0"/>
  <testcase classname="Scenario: 3.Enter more than the price for drink so refund" name="Scenario: 3.Enter more than the price for drink so refund" time="0.001"/>
  <testcase classname="Scenario: 4.Vending machine supplier resets machine and takes accumulated cash" name="Given supplier resets machine and takes accumulated cash of 105" time="0"/>
  <testcase classname="Scenario: 4.Vending machine supplier resets machine and takes accumulated cash" name="Scenario: 4.Vending machine supplier resets machine and takes accumulated cash" time="0"/>
  <testcase classname="Scenario: 5.Enter exact price for drink so no refund" name="Given i want to buy a &quot;Soda&quot;" time="0"/>
  <testcase classname="Scenario: 5.Enter exact price for drink so no refund" name="And i enter the following coins" time="0"/>
  <testcase classname="Scenario: 5.Enter exact price for drink so no refund" name="Then i  receive a refund of 0" time="0"/>
  <testcase classname="Scenario: 5.Enter exact price for drink so no refund" name="Scenario: 5.Enter exact price for drink so no refund" time="0"/>
  <testcase classname="Scenario: 6.Vending machine supplier resets machine and takes accumulated cash" name="Given supplier resets machine and takes accumulated cash of 45" time="0"/>
  <testcase classname="Scenario: 6.Vending machine supplier resets machine and takes accumulated cash" name="Scenario: 6.Vending machine supplier resets machine and takes accumulated cash" time="0"/>
</testsuite>